/*C3*/SET SCHEMA PUBLIC
DELETE FROM LESSON WHERE ID='HELF' AND TEACHER='Hell Ferdinand' AND SUBJECT='SEW' AND DAY=1 AND LESSON=1 AND CLASSROOM='3AHIT'
DELETE FROM LESSON WHERE ID='HELF' AND TEACHER='Hell Ferdinand' AND SUBJECT='SEW' AND DAY=2 AND LESSON=2 AND CLASSROOM='5AHITS'
DELETE FROM LESSON WHERE ID='HELF' AND TEACHER='Hell Ferdinand' AND SUBJECT='SEW' AND DAY=2 AND LESSON=1 AND CLASSROOM='5AHITS'
DELETE FROM LESSON WHERE ID='HELF' AND TEACHER='Hell Ferdinand' AND SUBJECT='SYT' AND DAY=1 AND LESSON=9 AND CLASSROOM='2AHIT'
DELETE FROM LESSON WHERE ID='LOEF' AND TEACHER='L\u00f6sch Franz' AND SUBJECT='D' AND DAY=2 AND LESSON=5 AND CLASSROOM='3AHIT'
DELETE FROM LESSON WHERE ID='GAME' AND TEACHER='Gams Erich' AND SUBJECT='ITP' AND DAY=4 AND LESSON=1 AND CLASSROOM='3AHIT'
DELETE FROM LESSON WHERE ID='SMAR' AND TEACHER='Schr\u00f6tter Marlene' AND SUBJECT='E' AND DAY=2 AND LESSON=3 AND CLASSROOM='3AHIT'
DELETE FROM LESSON WHERE ID='SANH' AND TEACHER='Sander Harald' AND SUBJECT='NWTK' AND DAY=3 AND LESSON=1 AND CLASSROOM='3AHIT'
DELETE FROM LESSON WHERE ID='DUSC' AND TEACHER='Duschek Arno' AND SUBJECT='BSPK' AND DAY=4 AND LESSON=6 AND CLASSROOM='3AHIT'
DELETE FROM LESSON WHERE ID='REIA' AND TEACHER='Reisenzahn Alexander' AND SUBJECT='SYT' AND DAY=1 AND LESSON=8 AND CLASSROOM='3AHIT'
DELETE FROM LESSON WHERE ID='RE5 ' AND TEACHER='Reitinger Franz' AND SUBJECT='SYT' AND DAY=5 AND LESSON=4 AND CLASSROOM='3AHIT'
DELETE FROM LESSON WHERE ID='KRAM' AND TEACHER='Kramer Thomas' AND SUBJECT='ITP' AND DAY=1 AND LESSON=7 AND CLASSROOM='3AHIT'
DELETE FROM LESSON WHERE ID='WINJ' AND TEACHER='Winkler Josef' AND SUBJECT='ITP' AND DAY=1 AND LESSON=5 AND CLASSROOM='3AHIT'
DELETE FROM LESSON WHERE ID='LOEF' AND TEACHER='L\u00f6sch Franz' AND SUBJECT='GGP' AND DAY=3 AND LESSON=9 AND CLASSROOM='3AHIT'
DELETE FROM LESSON WHERE ID='HELF' AND TEACHER='Hell Ferdinand' AND SUBJECT='SYT' AND DAY=2 AND LESSON=5 AND CLASSROOM='2AHIT'
DELETE FROM LESSON WHERE ID='EPPA' AND TEACHER='Eppacher Thomas' AND SUBJECT='GGP' AND DAY=2 AND LESSON=6 AND CLASSROOM='3AHIT'
DELETE FROM LESSON WHERE ID='REIA' AND TEACHER='Reisenzahn Alexander' AND SUBJECT='SYT' AND DAY=1 AND LESSON=9 AND CLASSROOM='3AHIT'
DELETE FROM LESSON WHERE ID='REIA' AND TEACHER='Reisenzahn Alexander' AND SUBJECT='SYT' AND DAY=3 AND LESSON=5 AND CLASSROOM='3AHIT'
DELETE FROM LESSON WHERE ID='WINJ' AND TEACHER='Winkler Josef' AND SUBJECT='INSY' AND DAY=4 AND LESSON=3 AND CLASSROOM='3AHIT'
DELETE FROM LESSON WHERE ID='SANH' AND TEACHER='Sander Harald' AND SUBJECT='NWTK' AND DAY=1 AND LESSON=2 AND CLASSROOM='3AHIT'
DELETE FROM LESSON WHERE ID='HELF' AND TEACHER='Hell Ferdinand' AND SUBJECT='SEW' AND DAY=1 AND LESSON=5 AND CLASSROOM='4AHITS'
DELETE FROM LESSON WHERE ID='HELF' AND TEACHER='Hell Ferdinand' AND SUBJECT='SEW' AND DAY=1 AND LESSON=7 AND CLASSROOM='2AHIT'
DELETE FROM LESSON WHERE ID='SANH' AND TEACHER='Sander Harald' AND SUBJECT='NWTK' AND DAY=3 AND LESSON=2 AND CLASSROOM='3AHIT'
DELETE FROM LESSON WHERE ID='SANH' AND TEACHER='Sander Harald' AND SUBJECT='NWTK' AND DAY=1 AND LESSON=1 AND CLASSROOM='3AHIT'
DELETE FROM LESSON WHERE ID='DUSC' AND TEACHER='Duschek Arno' AND SUBJECT='BSPK' AND DAY=4 AND LESSON=5 AND CLASSROOM='3AHIT'
DELETE FROM LESSON WHERE ID='BAUE' AND TEACHER='Bauer Reinhard' AND SUBJECT='RK' AND DAY=5 AND LESSON=6 AND CLASSROOM='3AHIT'
DELETE FROM LESSON WHERE ID='WINJ' AND TEACHER='Winkler Josef' AND SUBJECT='ITP' AND DAY=1 AND LESSON=3 AND CLASSROOM='3AHIT'
DELETE FROM LESSON WHERE ID='HELF' AND TEACHER='Hell Ferdinand' AND SUBJECT='PPM' AND DAY=5 AND LESSON=6 AND CLASSROOM='4AHITS'
DELETE FROM LESSON WHERE ID='RE5 ' AND TEACHER='Reitinger Franz' AND SUBJECT='SYT' AND DAY=5 AND LESSON=3 AND CLASSROOM='3AHIT'
DELETE FROM LESSON WHERE ID='REIA' AND TEACHER='Reisenzahn Alexander' AND SUBJECT='SYT' AND DAY=1 AND LESSON=10 AND CLASSROOM='3AHIT'
DELETE FROM LESSON WHERE ID='HELF' AND TEACHER='Hell Ferdinand' AND SUBJECT='AINF' AND DAY=3 AND LESSON=5 AND CLASSROOM='1AFET'
DELETE FROM LESSON WHERE ID='HELF' AND TEACHER='Hell Ferdinand' AND SUBJECT='AINF' AND DAY=3 AND LESSON=6 AND CLASSROOM='1AFET'
DELETE FROM LESSON WHERE ID='SANH' AND TEACHER='Sander Harald' AND SUBJECT='NWTK' AND DAY=3 AND LESSON=4 AND CLASSROOM='3AHIT'
DELETE FROM LESSON WHERE ID='GAME' AND TEACHER='Gams Erich' AND SUBJECT='ITP' AND DAY=1 AND LESSON=5 AND CLASSROOM='3AHIT'
DELETE FROM LESSON WHERE ID='HELF' AND TEACHER='Hell Ferdinand' AND SUBJECT='AINF' AND DAY=2 AND LESSON=3 AND CLASSROOM='2AHCI'
DELETE FROM LESSON WHERE ID='HELF' AND TEACHER='Hell Ferdinand' AND SUBJECT='AINF' AND DAY=2 AND LESSON=4 AND CLASSROOM='2AHCI'
DELETE FROM LESSON WHERE ID='LEHD' AND TEACHER='Lehner Dieter' AND SUBJECT='AM' AND DAY=1 AND LESSON=4 AND CLASSROOM='3AHIT'
DELETE FROM LESSON WHERE ID='LOEF' AND TEACHER='L\u00f6sch Franz' AND SUBJECT='D' AND DAY=4 AND LESSON=4 AND CLASSROOM='3AHIT'
DELETE FROM LESSON WHERE ID='HELF' AND TEACHER='Hell Ferdinand' AND SUBJECT='SEW' AND DAY=1 AND LESSON=6 AND CLASSROOM='4AHITS'
DELETE FROM LESSON WHERE ID='GANG' AND TEACHER='Gangl Andreas' AND SUBJECT='MEDT' AND DAY=5 AND LESSON=8 AND CLASSROOM='3AHIT'
DELETE FROM LESSON WHERE ID='STRA' AND TEACHER='Strasser Andreas' AND SUBJECT='NW' AND DAY=2 AND LESSON=1 AND CLASSROOM='3AHIT'
DELETE FROM LESSON WHERE ID='STRA' AND TEACHER='Strasser Andreas' AND SUBJECT='NW' AND DAY=2 AND LESSON=2 AND CLASSROOM='3AHIT'
DELETE FROM LESSON WHERE ID='HELF' AND TEACHER='Hell Ferdinand' AND SUBJECT='SYT' AND DAY=3 AND LESSON=3 AND CLASSROOM='3AHIT'
DELETE FROM LESSON WHERE ID='HELF' AND TEACHER='Hell Ferdinand' AND SUBJECT='AINF' AND DAY=2 AND LESSON=7 AND CLASSROOM='2CHME'
DELETE FROM LESSON WHERE ID='HELF' AND TEACHER='Hell Ferdinand' AND SUBJECT='AINF' AND DAY=2 AND LESSON=8 AND CLASSROOM='2CHME'
DELETE FROM LESSON WHERE ID='ELFA' AND TEACHER='Elfesa Ahawi' AND SUBJECT='RISL' AND DAY=1 AND LESSON=11 AND CLASSROOM='3AHIT'
DELETE FROM LESSON WHERE ID='GAME' AND TEACHER='Gams Erich' AND SUBJECT='ITP' AND DAY=5 AND LESSON=9 AND CLASSROOM='3AHIT'
DELETE FROM LESSON WHERE ID='HELF' AND TEACHER='Hell Ferdinand' AND SUBJECT='SEW' AND DAY=1 AND LESSON=8 AND CLASSROOM='2AHIT'
DELETE FROM LESSON WHERE ID='HELF' AND TEACHER='Hell Ferdinand' AND SUBJECT='PPM' AND DAY=5 AND LESSON=7 AND CLASSROOM='4AHITS'
DELETE FROM LESSON WHERE ID='HELF' AND TEACHER='Hell Ferdinand' AND SUBJECT='PPM' AND DAY=5 AND LESSON=8 AND CLASSROOM='4AHITS'
DELETE FROM LESSON WHERE ID='HELF' AND TEACHER='Hell Ferdinand' AND SUBJECT='PPM' AND DAY=5 AND LESSON=9 AND CLASSROOM='4AHITS'
DELETE FROM LESSON WHERE ID='HELF' AND TEACHER='Hell Ferdinand' AND SUBJECT='PPM' AND DAY=5 AND LESSON=10 AND CLASSROOM='4AHITS'
DELETE FROM LESSON WHERE ID='GANG' AND TEACHER='Gangl Andreas' AND SUBJECT='MEDT' AND DAY=5 AND LESSON=7 AND CLASSROOM='3AHIT'
DELETE FROM LESSON WHERE ID='GAME' AND TEACHER='Gams Erich' AND SUBJECT='INSY' AND DAY=4 AND LESSON=3 AND CLASSROOM='3AHIT'
DELETE FROM LESSON WHERE ID='LEHD' AND TEACHER='Lehner Dieter' AND SUBJECT='AM' AND DAY=5 AND LESSON=1 AND CLASSROOM='3AHIT'
DELETE FROM LESSON WHERE ID='LEHD' AND TEACHER='Lehner Dieter' AND SUBJECT='AM' AND DAY=5 AND LESSON=2 AND CLASSROOM='3AHIT'
DELETE FROM LESSON WHERE ID='HELF' AND TEACHER='Hell Ferdinand' AND SUBJECT='SEW' AND DAY=3 AND LESSON=8 AND CLASSROOM='3AHIT'
DELETE FROM LESSON WHERE ID='BAUE' AND TEACHER='Bauer Reinhard' AND SUBJECT='RK' AND DAY=2 AND LESSON=4 AND CLASSROOM='3AHIT'
DELETE FROM LESSON WHERE ID='GAME' AND TEACHER='Gams Erich' AND SUBJECT='INSY' AND DAY=4 AND LESSON=2 AND CLASSROOM='3AHIT'
DELETE FROM LESSON WHERE ID='SMAR' AND TEACHER='Schr\u00f6tter Marlene' AND SUBJECT='E' AND DAY=3 AND LESSON=7 AND CLASSROOM='3AHIT'
DELETE FROM LESSON WHERE ID='HELF' AND TEACHER='Hell Ferdinand' AND SUBJECT='SEW' AND DAY=3 AND LESSON=1 AND CLASSROOM='3AHIT'
DELETE FROM LESSON WHERE ID='HELF' AND TEACHER='Hell Ferdinand' AND SUBJECT='SEW' AND DAY=3 AND LESSON=2 AND CLASSROOM='3AHIT'
DELETE FROM LESSON WHERE ID='HELF' AND TEACHER='Hell Ferdinand' AND SUBJECT='SEW' AND DAY=1 AND LESSON=2 AND CLASSROOM='3AHIT'
DELETE FROM LESSON WHERE ID='GAME' AND TEACHER='Gams Erich' AND SUBJECT='INSY' AND DAY=5 AND LESSON=10 AND CLASSROOM='3AHIT'
DELETE FROM LESSON WHERE ID='HELF' AND TEACHER='Hell Ferdinand' AND SUBJECT='SYT' AND DAY=5 AND LESSON=3 AND CLASSROOM='3AHIT'
DELETE FROM LESSON WHERE ID='HELF' AND TEACHER='Hell Ferdinand' AND SUBJECT='SYT' AND DAY=5 AND LESSON=4 AND CLASSROOM='3AHIT'
COMMIT
DISCONNECT
